2018-04-18 05:58:36,914 - bioAsqLogger - INFO - Loaded training data
2018-04-18 05:58:36,914 - bioAsqLogger - INFO - Started summarization pipeline for Question 0
2018-04-18 05:58:36,914 - bioAsqLogger - INFO - Generated question classification for the question
2018-04-18 05:58:36,914 - bioAsqLogger - INFO - Started summarization pipeline for Question 1
2018-04-18 05:58:36,914 - bioAsqLogger - INFO - Generated question classification for the question
2018-04-18 05:58:36,914 - bioAsqLogger - INFO - Started summarization pipeline for Question 2
2018-04-18 05:58:36,914 - bioAsqLogger - INFO - Generated question classification for the question
2018-04-18 05:58:36,914 - bioAsqLogger - INFO - Started summarization pipeline for Question 3
2018-04-18 05:58:36,915 - bioAsqLogger - INFO - Generated question classification for the question
2018-04-18 05:58:36,915 - bioAsqLogger - INFO - Started summarization pipeline for Question 4
2018-04-18 05:58:36,915 - bioAsqLogger - INFO - Generated question classification for the question
2018-04-18 05:58:36,915 - bioAsqLogger - INFO - Started summarization pipeline for Question 5
2018-04-18 05:58:36,915 - bioAsqLogger - INFO - Generated question classification for the question
2018-04-18 05:58:36,915 - bioAsqLogger - INFO - Started summarization pipeline for Question 6
2018-04-18 05:58:36,915 - bioAsqLogger - INFO - Generated question classification for the question
2018-04-18 05:58:36,915 - bioAsqLogger - INFO - Performing expansions...
2018-04-18 05:58:36,915 - bioAsqLogger - INFO - In getExpansions function of NoExpander
2018-04-18 05:58:36,946 - bioAsqLogger - INFO - In getExpansions function of NoExpander
2018-04-18 05:58:36,946 - bioAsqLogger - INFO - In getExpansions function of NoExpander
2018-04-18 05:58:36,947 - bioAsqLogger - INFO - In getExpansions function of NoExpander
2018-04-18 05:58:36,947 - bioAsqLogger - INFO - In getExpansions function of NoExpander
2018-04-18 05:58:36,947 - bioAsqLogger - INFO - In getExpansions function of NoExpander
2018-04-18 05:58:36,947 - bioAsqLogger - INFO - Updated the question with expander output...
2018-04-18 05:58:36,969 - bioAsqLogger - INFO - Performed Core MMR
2018-04-18 05:58:36,969 - bioAsqLogger - INFO - Retrieved ranked list of sentences...
2018-04-18 05:58:36,971 - bioAsqLogger - INFO - Tiling sentences to get alternative summary...
2018-04-18 05:58:37,667 - bioAsqLogger - INFO - Inserted ideal answer into the json dictionary
2018-04-18 05:58:37,667 - bioAsqLogger - INFO - Started summarization pipeline for Question 7
2018-04-18 05:58:37,667 - bioAsqLogger - INFO - Generated question classification for the question
2018-04-18 05:58:37,667 - bioAsqLogger - INFO - Started summarization pipeline for Question 8
2018-04-18 05:58:37,667 - bioAsqLogger - INFO - Generated question classification for the question
2018-04-18 05:58:37,667 - bioAsqLogger - INFO - Started summarization pipeline for Question 9
2018-04-18 05:58:37,667 - bioAsqLogger - INFO - Generated question classification for the question
2018-04-18 05:58:37,667 - bioAsqLogger - INFO - Started summarization pipeline for Question 10
2018-04-18 05:58:37,667 - bioAsqLogger - INFO - Generated question classification for the question
2018-04-18 05:58:37,667 - bioAsqLogger - INFO - Started summarization pipeline for Question 11
2018-04-18 05:58:37,667 - bioAsqLogger - INFO - Generated question classification for the question
2018-04-18 05:58:37,667 - bioAsqLogger - INFO - Performing expansions...
2018-04-18 05:58:37,667 - bioAsqLogger - INFO - In getExpansions function of NoExpander
2018-04-18 05:58:37,668 - bioAsqLogger - INFO - In getExpansions function of NoExpander
2018-04-18 05:58:37,668 - bioAsqLogger - INFO - In getExpansions function of NoExpander
2018-04-18 05:58:37,668 - bioAsqLogger - INFO - In getExpansions function of NoExpander
2018-04-18 05:58:37,668 - bioAsqLogger - INFO - In getExpansions function of NoExpander
2018-04-18 05:58:37,668 - bioAsqLogger - INFO - In getExpansions function of NoExpander
2018-04-18 05:58:37,668 - bioAsqLogger - INFO - In getExpansions function of NoExpander
2018-04-18 05:58:37,668 - bioAsqLogger - INFO - In getExpansions function of NoExpander
2018-04-18 05:58:37,668 - bioAsqLogger - INFO - In getExpansions function of NoExpander
2018-04-18 05:58:37,669 - bioAsqLogger - INFO - In getExpansions function of NoExpander
2018-04-18 05:58:37,669 - bioAsqLogger - INFO - In getExpansions function of NoExpander
2018-04-18 05:58:37,669 - bioAsqLogger - INFO - In getExpansions function of NoExpander
2018-04-18 05:58:37,669 - bioAsqLogger - INFO - In getExpansions function of NoExpander
2018-04-18 05:58:37,669 - bioAsqLogger - INFO - In getExpansions function of NoExpander
2018-04-18 05:58:37,669 - bioAsqLogger - INFO - In getExpansions function of NoExpander
2018-04-18 05:58:37,669 - bioAsqLogger - INFO - In getExpansions function of NoExpander
2018-04-18 05:58:37,670 - bioAsqLogger - INFO - In getExpansions function of NoExpander
2018-04-18 05:58:37,670 - bioAsqLogger - INFO - In getExpansions function of NoExpander
2018-04-18 05:58:37,670 - bioAsqLogger - INFO - In getExpansions function of NoExpander
2018-04-18 05:58:37,670 - bioAsqLogger - INFO - In getExpansions function of NoExpander
2018-04-18 05:58:37,670 - bioAsqLogger - INFO - In getExpansions function of NoExpander
2018-04-18 05:58:37,670 - bioAsqLogger - INFO - In getExpansions function of NoExpander
2018-04-18 05:58:37,670 - bioAsqLogger - INFO - In getExpansions function of NoExpander
2018-04-18 05:58:37,670 - bioAsqLogger - INFO - In getExpansions function of NoExpander
2018-04-18 05:58:37,671 - bioAsqLogger - INFO - In getExpansions function of NoExpander
2018-04-18 05:58:37,671 - bioAsqLogger - INFO - In getExpansions function of NoExpander
2018-04-18 05:58:37,671 - bioAsqLogger - INFO - In getExpansions function of NoExpander
2018-04-18 05:58:37,671 - bioAsqLogger - INFO - In getExpansions function of NoExpander
2018-04-18 05:58:37,671 - bioAsqLogger - INFO - In getExpansions function of NoExpander
2018-04-18 05:58:37,671 - bioAsqLogger - INFO - In getExpansions function of NoExpander
2018-04-18 05:58:37,672 - bioAsqLogger - INFO - In getExpansions function of NoExpander
2018-04-18 05:58:37,672 - bioAsqLogger - INFO - In getExpansions function of NoExpander
2018-04-18 05:58:37,672 - bioAsqLogger - INFO - In getExpansions function of NoExpander
2018-04-18 05:58:37,672 - bioAsqLogger - INFO - In getExpansions function of NoExpander
2018-04-18 05:58:37,672 - bioAsqLogger - INFO - Updated the question with expander output...
2018-04-18 05:58:38,298 - bioAsqLogger - INFO - Performed Core MMR
2018-04-18 05:58:38,298 - bioAsqLogger - INFO - Retrieved ranked list of sentences...
2018-04-18 05:58:38,301 - bioAsqLogger - INFO - Tiling sentences to get alternative summary...
2018-04-18 05:58:38,312 - bioAsqLogger - INFO - Inserted ideal answer into the json dictionary
2018-04-18 05:58:38,312 - bioAsqLogger - INFO - Started summarization pipeline for Question 12
2018-04-18 05:58:38,312 - bioAsqLogger - INFO - Generated question classification for the question
2018-04-18 05:58:38,312 - bioAsqLogger - INFO - Started summarization pipeline for Question 13
2018-04-18 05:58:38,312 - bioAsqLogger - INFO - Generated question classification for the question
2018-04-18 05:58:38,312 - bioAsqLogger - INFO - Started summarization pipeline for Question 14
2018-04-18 05:58:38,312 - bioAsqLogger - INFO - Generated question classification for the question
2018-04-18 05:58:38,312 - bioAsqLogger - INFO - Started summarization pipeline for Question 15
2018-04-18 05:58:38,312 - bioAsqLogger - INFO - Generated question classification for the question
2018-04-18 05:58:38,312 - bioAsqLogger - INFO - Performing expansions...
2018-04-18 05:58:38,313 - bioAsqLogger - INFO - In getExpansions function of NoExpander
2018-04-18 05:58:38,313 - bioAsqLogger - INFO - In getExpansions function of NoExpander
2018-04-18 05:58:38,313 - bioAsqLogger - INFO - In getExpansions function of NoExpander
2018-04-18 05:58:38,313 - bioAsqLogger - INFO - In getExpansions function of NoExpander
2018-04-18 05:58:38,313 - bioAsqLogger - INFO - In getExpansions function of NoExpander
2018-04-18 05:58:38,313 - bioAsqLogger - INFO - In getExpansions function of NoExpander
2018-04-18 05:58:38,313 - bioAsqLogger - INFO - In getExpansions function of NoExpander
2018-04-18 05:58:38,314 - bioAsqLogger - INFO - In getExpansions function of NoExpander
2018-04-18 05:58:38,314 - bioAsqLogger - INFO - In getExpansions function of NoExpander
2018-04-18 05:58:38,314 - bioAsqLogger - INFO - In getExpansions function of NoExpander
2018-04-18 05:58:38,314 - bioAsqLogger - INFO - In getExpansions function of NoExpander
2018-04-18 05:58:38,314 - bioAsqLogger - INFO - In getExpansions function of NoExpander
2018-04-18 05:58:38,314 - bioAsqLogger - INFO - In getExpansions function of NoExpander
2018-04-18 05:58:38,314 - bioAsqLogger - INFO - In getExpansions function of NoExpander
2018-04-18 05:58:38,315 - bioAsqLogger - INFO - In getExpansions function of NoExpander
2018-04-18 05:58:38,315 - bioAsqLogger - INFO - In getExpansions function of NoExpander
2018-04-18 05:58:38,315 - bioAsqLogger - INFO - In getExpansions function of NoExpander
2018-04-18 05:58:38,315 - bioAsqLogger - INFO - In getExpansions function of NoExpander
2018-04-18 05:58:38,315 - bioAsqLogger - INFO - In getExpansions function of NoExpander
2018-04-18 05:58:38,315 - bioAsqLogger - INFO - In getExpansions function of NoExpander
2018-04-18 05:58:38,315 - bioAsqLogger - INFO - In getExpansions function of NoExpander
2018-04-18 05:58:38,315 - bioAsqLogger - INFO - In getExpansions function of NoExpander
2018-04-18 05:58:38,316 - bioAsqLogger - INFO - In getExpansions function of NoExpander
2018-04-18 05:58:38,316 - bioAsqLogger - INFO - In getExpansions function of NoExpander
2018-04-18 05:58:38,316 - bioAsqLogger - INFO - In getExpansions function of NoExpander
2018-04-18 05:58:38,316 - bioAsqLogger - INFO - In getExpansions function of NoExpander
2018-04-18 05:58:38,316 - bioAsqLogger - INFO - In getExpansions function of NoExpander
2018-04-18 05:58:38,316 - bioAsqLogger - INFO - In getExpansions function of NoExpander
2018-04-18 05:58:38,316 - bioAsqLogger - INFO - In getExpansions function of NoExpander
2018-04-18 05:58:38,317 - bioAsqLogger - INFO - In getExpansions function of NoExpander
2018-04-18 05:58:38,317 - bioAsqLogger - INFO - In getExpansions function of NoExpander
2018-04-18 05:58:38,317 - bioAsqLogger - INFO - In getExpansions function of NoExpander
2018-04-18 05:58:38,317 - bioAsqLogger - INFO - In getExpansions function of NoExpander
2018-04-18 05:58:38,317 - bioAsqLogger - INFO - In getExpansions function of NoExpander
2018-04-18 05:58:38,317 - bioAsqLogger - INFO - In getExpansions function of NoExpander
2018-04-18 05:58:38,317 - bioAsqLogger - INFO - In getExpansions function of NoExpander
2018-04-18 05:58:38,318 - bioAsqLogger - INFO - In getExpansions function of NoExpander
2018-04-18 05:58:38,318 - bioAsqLogger - INFO - In getExpansions function of NoExpander
2018-04-18 05:58:38,318 - bioAsqLogger - INFO - In getExpansions function of NoExpander
2018-04-18 05:58:38,318 - bioAsqLogger - INFO - In getExpansions function of NoExpander
2018-04-18 05:58:38,318 - bioAsqLogger - INFO - In getExpansions function of NoExpander
2018-04-18 05:58:38,318 - bioAsqLogger - INFO - In getExpansions function of NoExpander
2018-04-18 05:58:38,318 - bioAsqLogger - INFO - In getExpansions function of NoExpander
2018-04-18 05:58:38,319 - bioAsqLogger - INFO - In getExpansions function of NoExpander
2018-04-18 05:58:38,319 - bioAsqLogger - INFO - In getExpansions function of NoExpander
2018-04-18 05:58:38,319 - bioAsqLogger - INFO - In getExpansions function of NoExpander
2018-04-18 05:58:38,319 - bioAsqLogger - INFO - In getExpansions function of NoExpander
2018-04-18 05:58:38,319 - bioAsqLogger - INFO - In getExpansions function of NoExpander
2018-04-18 05:58:38,319 - bioAsqLogger - INFO - In getExpansions function of NoExpander
2018-04-18 05:58:38,319 - bioAsqLogger - INFO - In getExpansions function of NoExpander
2018-04-18 05:58:38,320 - bioAsqLogger - INFO - In getExpansions function of NoExpander
2018-04-18 05:58:38,320 - bioAsqLogger - INFO - In getExpansions function of NoExpander
2018-04-18 05:58:38,320 - bioAsqLogger - INFO - In getExpansions function of NoExpander
2018-04-18 05:58:38,320 - bioAsqLogger - INFO - In getExpansions function of NoExpander
2018-04-18 05:58:38,320 - bioAsqLogger - INFO - In getExpansions function of NoExpander
2018-04-18 05:58:38,320 - bioAsqLogger - INFO - In getExpansions function of NoExpander
2018-04-18 05:58:38,320 - bioAsqLogger - INFO - In getExpansions function of NoExpander
2018-04-18 05:58:38,321 - bioAsqLogger - INFO - In getExpansions function of NoExpander
2018-04-18 05:58:38,321 - bioAsqLogger - INFO - In getExpansions function of NoExpander
2018-04-18 05:58:38,321 - bioAsqLogger - INFO - In getExpansions function of NoExpander
2018-04-18 05:58:38,321 - bioAsqLogger - INFO - In getExpansions function of NoExpander
2018-04-18 05:58:38,321 - bioAsqLogger - INFO - In getExpansions function of NoExpander
2018-04-18 05:58:38,321 - bioAsqLogger - INFO - In getExpansions function of NoExpander
2018-04-18 05:58:38,321 - bioAsqLogger - INFO - In getExpansions function of NoExpander
2018-04-18 05:58:38,322 - bioAsqLogger - INFO - In getExpansions function of NoExpander
2018-04-18 05:58:38,322 - bioAsqLogger - INFO - In getExpansions function of NoExpander
2018-04-18 05:58:38,322 - bioAsqLogger - INFO - In getExpansions function of NoExpander
2018-04-18 05:58:38,322 - bioAsqLogger - INFO - In getExpansions function of NoExpander
2018-04-18 05:58:38,322 - bioAsqLogger - INFO - In getExpansions function of NoExpander
2018-04-18 05:58:38,322 - bioAsqLogger - INFO - In getExpansions function of NoExpander
2018-04-18 05:58:38,322 - bioAsqLogger - INFO - Updated the question with expander output...
2018-04-18 05:58:39,040 - bioAsqLogger - INFO - Performed Core MMR
2018-04-18 05:58:39,040 - bioAsqLogger - INFO - Retrieved ranked list of sentences...
2018-04-18 05:58:39,043 - bioAsqLogger - INFO - Tiling sentences to get alternative summary...
2018-04-18 05:58:39,056 - bioAsqLogger - INFO - Inserted ideal answer into the json dictionary
2018-04-18 05:58:39,056 - bioAsqLogger - INFO - Started summarization pipeline for Question 16
2018-04-18 05:58:39,056 - bioAsqLogger - INFO - Generated question classification for the question
2018-04-18 05:58:39,056 - bioAsqLogger - INFO - Started summarization pipeline for Question 17
2018-04-18 05:58:39,056 - bioAsqLogger - INFO - Generated question classification for the question
2018-04-18 05:58:39,056 - bioAsqLogger - INFO - Performing expansions...
2018-04-18 05:58:39,056 - bioAsqLogger - INFO - In getExpansions function of NoExpander
2018-04-18 05:58:39,056 - bioAsqLogger - INFO - Updated the question with expander output...
2018-04-18 05:58:39,056 - bioAsqLogger - INFO - Performed Core MMR
2018-04-18 05:58:39,056 - bioAsqLogger - INFO - Retrieved ranked list of sentences...
2018-04-18 05:58:39,056 - bioAsqLogger - INFO - Started summarization pipeline for Question 18
2018-04-18 05:58:39,056 - bioAsqLogger - INFO - Generated question classification for the question
2018-04-18 05:58:39,056 - bioAsqLogger - INFO - Started summarization pipeline for Question 19
2018-04-18 05:58:39,056 - bioAsqLogger - INFO - Generated question classification for the question
2018-04-18 05:58:39,056 - bioAsqLogger - INFO - Started summarization pipeline for Question 20
2018-04-18 05:58:39,057 - bioAsqLogger - INFO - Generated question classification for the question
2018-04-18 05:58:39,057 - bioAsqLogger - INFO - Performing expansions...
2018-04-18 05:58:39,057 - bioAsqLogger - INFO - In getExpansions function of NoExpander
2018-04-18 05:58:39,057 - bioAsqLogger - INFO - In getExpansions function of NoExpander
2018-04-18 05:58:39,057 - bioAsqLogger - INFO - In getExpansions function of NoExpander
2018-04-18 05:58:39,057 - bioAsqLogger - INFO - In getExpansions function of NoExpander
2018-04-18 05:58:39,057 - bioAsqLogger - INFO - In getExpansions function of NoExpander
2018-04-18 05:58:39,057 - bioAsqLogger - INFO - In getExpansions function of NoExpander
2018-04-18 05:58:39,057 - bioAsqLogger - INFO - In getExpansions function of NoExpander
2018-04-18 05:58:39,058 - bioAsqLogger - INFO - In getExpansions function of NoExpander
2018-04-18 05:58:39,058 - bioAsqLogger - INFO - In getExpansions function of NoExpander
2018-04-18 05:58:39,058 - bioAsqLogger - INFO - In getExpansions function of NoExpander
2018-04-18 05:58:39,058 - bioAsqLogger - INFO - In getExpansions function of NoExpander
2018-04-18 05:58:39,058 - bioAsqLogger - INFO - In getExpansions function of NoExpander
2018-04-18 05:58:39,058 - bioAsqLogger - INFO - In getExpansions function of NoExpander
2018-04-18 05:58:39,058 - bioAsqLogger - INFO - In getExpansions function of NoExpander
2018-04-18 05:58:39,058 - bioAsqLogger - INFO - Updated the question with expander output...
2018-04-18 05:58:39,282 - bioAsqLogger - INFO - Performed Core MMR
2018-04-18 05:58:39,282 - bioAsqLogger - INFO - Retrieved ranked list of sentences...
2018-04-18 05:58:39,285 - bioAsqLogger - INFO - Tiling sentences to get alternative summary...
2018-04-18 05:58:39,300 - bioAsqLogger - INFO - Inserted ideal answer into the json dictionary
2018-04-18 05:58:39,300 - bioAsqLogger - INFO - Started summarization pipeline for Question 21
2018-04-18 05:58:39,300 - bioAsqLogger - INFO - Generated question classification for the question
2018-04-18 05:58:39,300 - bioAsqLogger - INFO - Started summarization pipeline for Question 22
2018-04-18 05:58:39,300 - bioAsqLogger - INFO - Generated question classification for the question
2018-04-18 05:58:39,300 - bioAsqLogger - INFO - Started summarization pipeline for Question 23
2018-04-18 05:58:39,300 - bioAsqLogger - INFO - Generated question classification for the question
2018-04-18 05:58:39,300 - bioAsqLogger - INFO - Performing expansions...
2018-04-18 05:58:39,300 - bioAsqLogger - INFO - In getExpansions function of NoExpander
2018-04-18 05:58:39,300 - bioAsqLogger - INFO - In getExpansions function of NoExpander
2018-04-18 05:58:39,301 - bioAsqLogger - INFO - In getExpansions function of NoExpander
2018-04-18 05:58:39,301 - bioAsqLogger - INFO - In getExpansions function of NoExpander
2018-04-18 05:58:39,301 - bioAsqLogger - INFO - In getExpansions function of NoExpander
2018-04-18 05:58:39,301 - bioAsqLogger - INFO - In getExpansions function of NoExpander
2018-04-18 05:58:39,301 - bioAsqLogger - INFO - In getExpansions function of NoExpander
2018-04-18 05:58:39,301 - bioAsqLogger - INFO - In getExpansions function of NoExpander
2018-04-18 05:58:39,301 - bioAsqLogger - INFO - In getExpansions function of NoExpander
2018-04-18 05:58:39,302 - bioAsqLogger - INFO - In getExpansions function of NoExpander
2018-04-18 05:58:39,302 - bioAsqLogger - INFO - In getExpansions function of NoExpander
2018-04-18 05:58:39,302 - bioAsqLogger - INFO - In getExpansions function of NoExpander
2018-04-18 05:58:39,302 - bioAsqLogger - INFO - In getExpansions function of NoExpander
2018-04-18 05:58:39,302 - bioAsqLogger - INFO - In getExpansions function of NoExpander
2018-04-18 05:58:39,302 - bioAsqLogger - INFO - In getExpansions function of NoExpander
2018-04-18 05:58:39,302 - bioAsqLogger - INFO - In getExpansions function of NoExpander
2018-04-18 05:58:39,302 - bioAsqLogger - INFO - In getExpansions function of NoExpander
2018-04-18 05:58:39,303 - bioAsqLogger - INFO - Updated the question with expander output...
2018-04-18 05:58:39,629 - bioAsqLogger - INFO - Performed Core MMR
2018-04-18 05:58:39,629 - bioAsqLogger - INFO - Retrieved ranked list of sentences...
2018-04-18 05:58:39,632 - bioAsqLogger - INFO - Tiling sentences to get alternative summary...
2018-04-18 05:58:39,649 - bioAsqLogger - INFO - Inserted ideal answer into the json dictionary
2018-04-18 05:58:39,649 - bioAsqLogger - INFO - Started summarization pipeline for Question 24
2018-04-18 05:58:39,649 - bioAsqLogger - INFO - Generated question classification for the question
2018-04-18 05:58:39,649 - bioAsqLogger - INFO - Started summarization pipeline for Question 25
2018-04-18 05:58:39,649 - bioAsqLogger - INFO - Generated question classification for the question
2018-04-18 05:58:39,649 - bioAsqLogger - INFO - Performing expansions...
2018-04-18 05:58:39,649 - bioAsqLogger - INFO - In getExpansions function of NoExpander
2018-04-18 05:58:39,650 - bioAsqLogger - INFO - In getExpansions function of NoExpander
2018-04-18 05:58:39,650 - bioAsqLogger - INFO - In getExpansions function of NoExpander
2018-04-18 05:58:39,650 - bioAsqLogger - INFO - In getExpansions function of NoExpander
2018-04-18 05:58:39,650 - bioAsqLogger - INFO - In getExpansions function of NoExpander
2018-04-18 05:58:39,650 - bioAsqLogger - INFO - In getExpansions function of NoExpander
2018-04-18 05:58:39,650 - bioAsqLogger - INFO - In getExpansions function of NoExpander
2018-04-18 05:58:39,650 - bioAsqLogger - INFO - In getExpansions function of NoExpander
2018-04-18 05:58:39,651 - bioAsqLogger - INFO - In getExpansions function of NoExpander
2018-04-18 05:58:39,651 - bioAsqLogger - INFO - In getExpansions function of NoExpander
2018-04-18 05:58:39,651 - bioAsqLogger - INFO - In getExpansions function of NoExpander
2018-04-18 05:58:39,651 - bioAsqLogger - INFO - In getExpansions function of NoExpander
2018-04-18 05:58:39,651 - bioAsqLogger - INFO - Updated the question with expander output...
2018-04-18 05:58:39,797 - bioAsqLogger - INFO - Performed Core MMR
2018-04-18 05:58:39,797 - bioAsqLogger - INFO - Retrieved ranked list of sentences...
2018-04-18 05:58:39,801 - bioAsqLogger - INFO - Tiling sentences to get alternative summary...
2018-04-18 05:58:39,819 - bioAsqLogger - INFO - Inserted ideal answer into the json dictionary
2018-04-18 05:58:39,819 - bioAsqLogger - INFO - Started summarization pipeline for Question 26
2018-04-18 05:58:39,819 - bioAsqLogger - INFO - Generated question classification for the question
2018-04-18 05:58:39,819 - bioAsqLogger - INFO - Started summarization pipeline for Question 27
2018-04-18 05:58:39,819 - bioAsqLogger - INFO - Generated question classification for the question
2018-04-18 05:58:39,819 - bioAsqLogger - INFO - Started summarization pipeline for Question 28
2018-04-18 05:58:39,819 - bioAsqLogger - INFO - Generated question classification for the question
2018-04-18 05:58:39,819 - bioAsqLogger - INFO - Performing expansions...
2018-04-18 05:58:39,819 - bioAsqLogger - INFO - In getExpansions function of NoExpander
2018-04-18 05:58:39,819 - bioAsqLogger - INFO - In getExpansions function of NoExpander
2018-04-18 05:58:39,819 - bioAsqLogger - INFO - In getExpansions function of NoExpander
2018-04-18 05:58:39,820 - bioAsqLogger - INFO - In getExpansions function of NoExpander
2018-04-18 05:58:39,820 - bioAsqLogger - INFO - In getExpansions function of NoExpander
2018-04-18 05:58:39,820 - bioAsqLogger - INFO - In getExpansions function of NoExpander
2018-04-18 05:58:39,820 - bioAsqLogger - INFO - In getExpansions function of NoExpander
2018-04-18 05:58:39,820 - bioAsqLogger - INFO - Updated the question with expander output...
2018-04-18 05:58:39,849 - bioAsqLogger - INFO - Performed Core MMR
2018-04-18 05:58:39,849 - bioAsqLogger - INFO - Retrieved ranked list of sentences...
2018-04-18 05:58:39,850 - bioAsqLogger - INFO - Tiling sentences to get alternative summary...
2018-04-18 05:58:39,861 - bioAsqLogger - INFO - Inserted ideal answer into the json dictionary
2018-04-18 05:58:39,861 - bioAsqLogger - INFO - Started summarization pipeline for Question 29
2018-04-18 05:58:39,861 - bioAsqLogger - INFO - Generated question classification for the question
2018-04-18 05:58:39,861 - bioAsqLogger - INFO - Started summarization pipeline for Question 30
2018-04-18 05:58:39,861 - bioAsqLogger - INFO - Generated question classification for the question
2018-04-18 05:58:39,861 - bioAsqLogger - INFO - Started summarization pipeline for Question 31
2018-04-18 05:58:39,861 - bioAsqLogger - INFO - Generated question classification for the question
2018-04-18 05:58:39,861 - bioAsqLogger - INFO - Performing expansions...
2018-04-18 05:58:39,862 - bioAsqLogger - INFO - In getExpansions function of NoExpander
2018-04-18 05:58:39,862 - bioAsqLogger - INFO - In getExpansions function of NoExpander
2018-04-18 05:58:39,862 - bioAsqLogger - INFO - In getExpansions function of NoExpander
2018-04-18 05:58:39,862 - bioAsqLogger - INFO - In getExpansions function of NoExpander
2018-04-18 05:58:39,862 - bioAsqLogger - INFO - In getExpansions function of NoExpander
2018-04-18 05:58:39,862 - bioAsqLogger - INFO - In getExpansions function of NoExpander
2018-04-18 05:58:39,862 - bioAsqLogger - INFO - In getExpansions function of NoExpander
2018-04-18 05:58:39,862 - bioAsqLogger - INFO - In getExpansions function of NoExpander
2018-04-18 05:58:39,863 - bioAsqLogger - INFO - In getExpansions function of NoExpander
2018-04-18 05:58:39,863 - bioAsqLogger - INFO - In getExpansions function of NoExpander
2018-04-18 05:58:39,863 - bioAsqLogger - INFO - In getExpansions function of NoExpander
2018-04-18 05:58:39,863 - bioAsqLogger - INFO - In getExpansions function of NoExpander
2018-04-18 05:58:39,863 - bioAsqLogger - INFO - In getExpansions function of NoExpander
2018-04-18 05:58:39,863 - bioAsqLogger - INFO - In getExpansions function of NoExpander
2018-04-18 05:58:39,863 - bioAsqLogger - INFO - In getExpansions function of NoExpander
2018-04-18 05:58:39,864 - bioAsqLogger - INFO - In getExpansions function of NoExpander
2018-04-18 05:58:39,864 - bioAsqLogger - INFO - In getExpansions function of NoExpander
2018-04-18 05:58:39,864 - bioAsqLogger - INFO - Updated the question with expander output...
2018-04-18 05:58:40,067 - bioAsqLogger - INFO - Performed Core MMR
2018-04-18 05:58:40,067 - bioAsqLogger - INFO - Retrieved ranked list of sentences...
2018-04-18 05:58:40,070 - bioAsqLogger - INFO - Tiling sentences to get alternative summary...
2018-04-18 05:58:40,095 - bioAsqLogger - INFO - Inserted ideal answer into the json dictionary
2018-04-18 05:58:40,095 - bioAsqLogger - INFO - Started summarization pipeline for Question 32
2018-04-18 05:58:40,095 - bioAsqLogger - INFO - Generated question classification for the question
2018-04-18 05:58:40,096 - bioAsqLogger - INFO - Started summarization pipeline for Question 33
2018-04-18 05:58:40,096 - bioAsqLogger - INFO - Generated question classification for the question
2018-04-18 05:58:40,096 - bioAsqLogger - INFO - Started summarization pipeline for Question 34
2018-04-18 05:58:40,096 - bioAsqLogger - INFO - Generated question classification for the question
2018-04-18 05:58:40,096 - bioAsqLogger - INFO - Performing expansions...
2018-04-18 05:58:40,096 - bioAsqLogger - INFO - In getExpansions function of NoExpander
2018-04-18 05:58:40,096 - bioAsqLogger - INFO - In getExpansions function of NoExpander
2018-04-18 05:58:40,096 - bioAsqLogger - INFO - In getExpansions function of NoExpander
2018-04-18 05:58:40,096 - bioAsqLogger - INFO - In getExpansions function of NoExpander
2018-04-18 05:58:40,096 - bioAsqLogger - INFO - In getExpansions function of NoExpander
2018-04-18 05:58:40,096 - bioAsqLogger - INFO - In getExpansions function of NoExpander
2018-04-18 05:58:40,096 - bioAsqLogger - INFO - In getExpansions function of NoExpander
2018-04-18 05:58:40,097 - bioAsqLogger - INFO - In getExpansions function of NoExpander
2018-04-18 05:58:40,097 - bioAsqLogger - INFO - In getExpansions function of NoExpander
2018-04-18 05:58:40,097 - bioAsqLogger - INFO - In getExpansions function of NoExpander
2018-04-18 05:58:40,097 - bioAsqLogger - INFO - In getExpansions function of NoExpander
2018-04-18 05:58:40,097 - bioAsqLogger - INFO - In getExpansions function of NoExpander
2018-04-18 05:58:40,097 - bioAsqLogger - INFO - In getExpansions function of NoExpander
2018-04-18 05:58:40,097 - bioAsqLogger - INFO - In getExpansions function of NoExpander
2018-04-18 05:58:40,097 - bioAsqLogger - INFO - In getExpansions function of NoExpander
2018-04-18 05:58:40,098 - bioAsqLogger - INFO - In getExpansions function of NoExpander
2018-04-18 05:58:40,098 - bioAsqLogger - INFO - In getExpansions function of NoExpander
2018-04-18 05:58:40,098 - bioAsqLogger - INFO - In getExpansions function of NoExpander
2018-04-18 05:58:40,098 - bioAsqLogger - INFO - In getExpansions function of NoExpander
2018-04-18 05:58:40,098 - bioAsqLogger - INFO - In getExpansions function of NoExpander
2018-04-18 05:58:40,098 - bioAsqLogger - INFO - In getExpansions function of NoExpander
2018-04-18 05:58:40,098 - bioAsqLogger - INFO - In getExpansions function of NoExpander
2018-04-18 05:58:40,099 - bioAsqLogger - INFO - In getExpansions function of NoExpander
2018-04-18 05:58:40,099 - bioAsqLogger - INFO - Updated the question with expander output...
2018-04-18 05:58:40,613 - bioAsqLogger - INFO - Performed Core MMR
2018-04-18 05:58:40,613 - bioAsqLogger - INFO - Retrieved ranked list of sentences...
2018-04-18 05:58:40,616 - bioAsqLogger - INFO - Tiling sentences to get alternative summary...
2018-04-18 05:58:40,640 - bioAsqLogger - INFO - Inserted ideal answer into the json dictionary
2018-04-18 05:58:40,640 - bioAsqLogger - INFO - Started summarization pipeline for Question 35
2018-04-18 05:58:40,640 - bioAsqLogger - INFO - Generated question classification for the question
2018-04-18 05:58:40,640 - bioAsqLogger - INFO - Started summarization pipeline for Question 36
2018-04-18 05:58:40,640 - bioAsqLogger - INFO - Generated question classification for the question
2018-04-18 05:58:40,640 - bioAsqLogger - INFO - Performing expansions...
2018-04-18 05:58:40,640 - bioAsqLogger - INFO - In getExpansions function of NoExpander
2018-04-18 05:58:40,641 - bioAsqLogger - INFO - In getExpansions function of NoExpander
2018-04-18 05:58:40,641 - bioAsqLogger - INFO - In getExpansions function of NoExpander
2018-04-18 05:58:40,641 - bioAsqLogger - INFO - In getExpansions function of NoExpander
2018-04-18 05:58:40,641 - bioAsqLogger - INFO - In getExpansions function of NoExpander
2018-04-18 05:58:40,641 - bioAsqLogger - INFO - In getExpansions function of NoExpander
2018-04-18 05:58:40,641 - bioAsqLogger - INFO - In getExpansions function of NoExpander
2018-04-18 05:58:40,641 - bioAsqLogger - INFO - In getExpansions function of NoExpander
2018-04-18 05:58:40,642 - bioAsqLogger - INFO - In getExpansions function of NoExpander
2018-04-18 05:58:40,642 - bioAsqLogger - INFO - In getExpansions function of NoExpander
2018-04-18 05:58:40,642 - bioAsqLogger - INFO - Updated the question with expander output...
2018-04-18 05:58:40,726 - bioAsqLogger - INFO - Performed Core MMR
2018-04-18 05:58:40,726 - bioAsqLogger - INFO - Retrieved ranked list of sentences...
2018-04-18 05:58:40,728 - bioAsqLogger - INFO - Tiling sentences to get alternative summary...
2018-04-18 05:58:40,747 - bioAsqLogger - INFO - Inserted ideal answer into the json dictionary
2018-04-18 05:58:40,747 - bioAsqLogger - INFO - Started summarization pipeline for Question 37
2018-04-18 05:58:40,748 - bioAsqLogger - INFO - Generated question classification for the question
2018-04-18 05:58:40,748 - bioAsqLogger - INFO - Started summarization pipeline for Question 38
2018-04-18 05:58:40,748 - bioAsqLogger - INFO - Generated question classification for the question
2018-04-18 05:58:40,748 - bioAsqLogger - INFO - Started summarization pipeline for Question 39
2018-04-18 05:58:40,748 - bioAsqLogger - INFO - Generated question classification for the question
2018-04-18 05:58:40,748 - bioAsqLogger - INFO - Performing expansions...
2018-04-18 05:58:40,748 - bioAsqLogger - INFO - In getExpansions function of NoExpander
2018-04-18 05:58:40,748 - bioAsqLogger - INFO - In getExpansions function of NoExpander
2018-04-18 05:58:40,748 - bioAsqLogger - INFO - In getExpansions function of NoExpander
2018-04-18 05:58:40,748 - bioAsqLogger - INFO - In getExpansions function of NoExpander
2018-04-18 05:58:40,748 - bioAsqLogger - INFO - In getExpansions function of NoExpander
2018-04-18 05:58:40,748 - bioAsqLogger - INFO - In getExpansions function of NoExpander
2018-04-18 05:58:40,749 - bioAsqLogger - INFO - In getExpansions function of NoExpander
2018-04-18 05:58:40,749 - bioAsqLogger - INFO - In getExpansions function of NoExpander
2018-04-18 05:58:40,749 - bioAsqLogger - INFO - In getExpansions function of NoExpander
2018-04-18 05:58:40,749 - bioAsqLogger - INFO - In getExpansions function of NoExpander
2018-04-18 05:58:40,749 - bioAsqLogger - INFO - In getExpansions function of NoExpander
2018-04-18 05:58:40,749 - bioAsqLogger - INFO - In getExpansions function of NoExpander
2018-04-18 05:58:40,749 - bioAsqLogger - INFO - In getExpansions function of NoExpander
2018-04-18 05:58:40,750 - bioAsqLogger - INFO - In getExpansions function of NoExpander
2018-04-18 05:58:40,750 - bioAsqLogger - INFO - In getExpansions function of NoExpander
2018-04-18 05:58:40,750 - bioAsqLogger - INFO - In getExpansions function of NoExpander
2018-04-18 05:58:40,750 - bioAsqLogger - INFO - In getExpansions function of NoExpander
2018-04-18 05:58:40,750 - bioAsqLogger - INFO - In getExpansions function of NoExpander
2018-04-18 05:58:40,750 - bioAsqLogger - INFO - In getExpansions function of NoExpander
2018-04-18 05:58:40,750 - bioAsqLogger - INFO - In getExpansions function of NoExpander
2018-04-18 05:58:40,750 - bioAsqLogger - INFO - In getExpansions function of NoExpander
2018-04-18 05:58:40,751 - bioAsqLogger - INFO - In getExpansions function of NoExpander
2018-04-18 05:58:40,751 - bioAsqLogger - INFO - In getExpansions function of NoExpander
2018-04-18 05:58:40,751 - bioAsqLogger - INFO - In getExpansions function of NoExpander
2018-04-18 05:58:40,751 - bioAsqLogger - INFO - In getExpansions function of NoExpander
2018-04-18 05:58:40,751 - bioAsqLogger - INFO - In getExpansions function of NoExpander
2018-04-18 05:58:40,751 - bioAsqLogger - INFO - In getExpansions function of NoExpander
2018-04-18 05:58:40,751 - bioAsqLogger - INFO - In getExpansions function of NoExpander
2018-04-18 05:58:40,751 - bioAsqLogger - INFO - In getExpansions function of NoExpander
2018-04-18 05:58:40,752 - bioAsqLogger - INFO - In getExpansions function of NoExpander
2018-04-18 05:58:40,752 - bioAsqLogger - INFO - In getExpansions function of NoExpander
2018-04-18 05:58:40,752 - bioAsqLogger - INFO - In getExpansions function of NoExpander
2018-04-18 05:58:40,752 - bioAsqLogger - INFO - In getExpansions function of NoExpander
2018-04-18 05:58:40,752 - bioAsqLogger - INFO - In getExpansions function of NoExpander
2018-04-18 05:58:40,752 - bioAsqLogger - INFO - In getExpansions function of NoExpander
2018-04-18 05:58:40,752 - bioAsqLogger - INFO - In getExpansions function of NoExpander
2018-04-18 05:58:40,752 - bioAsqLogger - INFO - In getExpansions function of NoExpander
2018-04-18 05:58:40,752 - bioAsqLogger - INFO - In getExpansions function of NoExpander
2018-04-18 05:58:40,753 - bioAsqLogger - INFO - In getExpansions function of NoExpander
2018-04-18 05:58:40,753 - bioAsqLogger - INFO - In getExpansions function of NoExpander
2018-04-18 05:58:40,753 - bioAsqLogger - INFO - In getExpansions function of NoExpander
2018-04-18 05:58:40,753 - bioAsqLogger - INFO - In getExpansions function of NoExpander
2018-04-18 05:58:40,753 - bioAsqLogger - INFO - In getExpansions function of NoExpander
2018-04-18 05:58:40,753 - bioAsqLogger - INFO - In getExpansions function of NoExpander
2018-04-18 05:58:40,753 - bioAsqLogger - INFO - In getExpansions function of NoExpander
2018-04-18 05:58:40,753 - bioAsqLogger - INFO - In getExpansions function of NoExpander
2018-04-18 05:58:40,754 - bioAsqLogger - INFO - In getExpansions function of NoExpander
2018-04-18 05:58:40,754 - bioAsqLogger - INFO - In getExpansions function of NoExpander
2018-04-18 05:58:40,754 - bioAsqLogger - INFO - In getExpansions function of NoExpander
2018-04-18 05:58:40,754 - bioAsqLogger - INFO - In getExpansions function of NoExpander
2018-04-18 05:58:40,754 - bioAsqLogger - INFO - In getExpansions function of NoExpander
2018-04-18 05:58:40,754 - bioAsqLogger - INFO - In getExpansions function of NoExpander
2018-04-18 05:58:40,754 - bioAsqLogger - INFO - In getExpansions function of NoExpander
2018-04-18 05:58:40,754 - bioAsqLogger - INFO - In getExpansions function of NoExpander
2018-04-18 05:58:40,755 - bioAsqLogger - INFO - In getExpansions function of NoExpander
2018-04-18 05:58:40,755 - bioAsqLogger - INFO - In getExpansions function of NoExpander
2018-04-18 05:58:40,755 - bioAsqLogger - INFO - In getExpansions function of NoExpander
2018-04-18 05:58:40,755 - bioAsqLogger - INFO - In getExpansions function of NoExpander
2018-04-18 05:58:40,755 - bioAsqLogger - INFO - In getExpansions function of NoExpander
2018-04-18 05:58:40,755 - bioAsqLogger - INFO - In getExpansions function of NoExpander
2018-04-18 05:58:40,755 - bioAsqLogger - INFO - In getExpansions function of NoExpander
2018-04-18 05:58:40,756 - bioAsqLogger - INFO - In getExpansions function of NoExpander
2018-04-18 05:58:40,756 - bioAsqLogger - INFO - In getExpansions function of NoExpander
2018-04-18 05:58:40,756 - bioAsqLogger - INFO - In getExpansions function of NoExpander
2018-04-18 05:58:40,756 - bioAsqLogger - INFO - In getExpansions function of NoExpander
2018-04-18 05:58:40,756 - bioAsqLogger - INFO - In getExpansions function of NoExpander
2018-04-18 05:58:40,756 - bioAsqLogger - INFO - In getExpansions function of NoExpander
2018-04-18 05:58:40,756 - bioAsqLogger - INFO - In getExpansions function of NoExpander
2018-04-18 05:58:40,756 - bioAsqLogger - INFO - In getExpansions function of NoExpander
2018-04-18 05:58:40,757 - bioAsqLogger - INFO - In getExpansions function of NoExpander
2018-04-18 05:58:40,757 - bioAsqLogger - INFO - In getExpansions function of NoExpander
2018-04-18 05:58:40,757 - bioAsqLogger - INFO - In getExpansions function of NoExpander
2018-04-18 05:58:40,757 - bioAsqLogger - INFO - In getExpansions function of NoExpander
2018-04-18 05:58:40,757 - bioAsqLogger - INFO - In getExpansions function of NoExpander
2018-04-18 05:58:40,757 - bioAsqLogger - INFO - In getExpansions function of NoExpander
2018-04-18 05:58:40,757 - bioAsqLogger - INFO - In getExpansions function of NoExpander
2018-04-18 05:58:40,758 - bioAsqLogger - INFO - In getExpansions function of NoExpander
2018-04-18 05:58:40,758 - bioAsqLogger - INFO - In getExpansions function of NoExpander
2018-04-18 05:58:40,758 - bioAsqLogger - INFO - In getExpansions function of NoExpander
2018-04-18 05:58:40,758 - bioAsqLogger - INFO - In getExpansions function of NoExpander
2018-04-18 05:58:40,758 - bioAsqLogger - INFO - In getExpansions function of NoExpander
2018-04-18 05:58:40,758 - bioAsqLogger - INFO - In getExpansions function of NoExpander
2018-04-18 05:58:40,758 - bioAsqLogger - INFO - In getExpansions function of NoExpander
2018-04-18 05:58:40,759 - bioAsqLogger - INFO - Updated the question with expander output...
2018-04-18 05:58:41,762 - bioAsqLogger - INFO - Performed Core MMR
2018-04-18 05:58:41,762 - bioAsqLogger - INFO - Retrieved ranked list of sentences...
2018-04-18 05:58:41,765 - bioAsqLogger - INFO - Tiling sentences to get alternative summary...
2018-04-18 05:58:41,780 - bioAsqLogger - INFO - Inserted ideal answer into the json dictionary
2018-04-18 05:58:41,780 - bioAsqLogger - INFO - Started summarization pipeline for Question 40
2018-04-18 05:58:41,781 - bioAsqLogger - INFO - Generated question classification for the question
2018-04-18 05:58:41,781 - bioAsqLogger - INFO - Started summarization pipeline for Question 41
2018-04-18 05:58:41,781 - bioAsqLogger - INFO - Generated question classification for the question
2018-04-18 05:58:41,781 - bioAsqLogger - INFO - Started summarization pipeline for Question 42
2018-04-18 05:58:41,781 - bioAsqLogger - INFO - Generated question classification for the question
2018-04-18 05:58:41,781 - bioAsqLogger - INFO - Started summarization pipeline for Question 43
2018-04-18 05:58:41,781 - bioAsqLogger - INFO - Generated question classification for the question
2018-04-18 05:58:41,781 - bioAsqLogger - INFO - Performing expansions...
2018-04-18 05:58:41,781 - bioAsqLogger - INFO - In getExpansions function of NoExpander
2018-04-18 05:58:41,781 - bioAsqLogger - INFO - In getExpansions function of NoExpander
2018-04-18 05:58:41,781 - bioAsqLogger - INFO - In getExpansions function of NoExpander
2018-04-18 05:58:41,781 - bioAsqLogger - INFO - In getExpansions function of NoExpander
2018-04-18 05:58:41,782 - bioAsqLogger - INFO - In getExpansions function of NoExpander
2018-04-18 05:58:41,782 - bioAsqLogger - INFO - In getExpansions function of NoExpander
2018-04-18 05:58:41,782 - bioAsqLogger - INFO - In getExpansions function of NoExpander
2018-04-18 05:58:41,782 - bioAsqLogger - INFO - In getExpansions function of NoExpander
2018-04-18 05:58:41,782 - bioAsqLogger - INFO - In getExpansions function of NoExpander
2018-04-18 05:58:41,782 - bioAsqLogger - INFO - In getExpansions function of NoExpander
2018-04-18 05:58:41,782 - bioAsqLogger - INFO - Updated the question with expander output...
2018-04-18 05:58:41,823 - bioAsqLogger - INFO - Performed Core MMR
2018-04-18 05:58:41,823 - bioAsqLogger - INFO - Retrieved ranked list of sentences...
2018-04-18 05:58:41,825 - bioAsqLogger - INFO - Tiling sentences to get alternative summary...
2018-04-18 05:58:41,846 - bioAsqLogger - INFO - Inserted ideal answer into the json dictionary
2018-04-18 05:58:41,846 - bioAsqLogger - INFO - Started summarization pipeline for Question 44
2018-04-18 05:58:41,846 - bioAsqLogger - INFO - Generated question classification for the question
2018-04-18 05:58:41,846 - bioAsqLogger - INFO - Started summarization pipeline for Question 45
2018-04-18 05:58:41,846 - bioAsqLogger - INFO - Generated question classification for the question
2018-04-18 05:58:41,846 - bioAsqLogger - INFO - Started summarization pipeline for Question 46
2018-04-18 05:58:41,846 - bioAsqLogger - INFO - Generated question classification for the question
2018-04-18 05:58:41,846 - bioAsqLogger - INFO - Started summarization pipeline for Question 47
2018-04-18 05:58:41,846 - bioAsqLogger - INFO - Generated question classification for the question
2018-04-18 05:58:41,847 - bioAsqLogger - INFO - Started summarization pipeline for Question 48
2018-04-18 05:58:41,847 - bioAsqLogger - INFO - Generated question classification for the question
2018-04-18 05:58:41,847 - bioAsqLogger - INFO - Started summarization pipeline for Question 49
2018-04-18 05:58:41,847 - bioAsqLogger - INFO - Generated question classification for the question
2018-04-18 05:58:41,847 - bioAsqLogger - INFO - Started summarization pipeline for Question 50
2018-04-18 05:58:41,847 - bioAsqLogger - INFO - Generated question classification for the question
2018-04-18 05:58:41,847 - bioAsqLogger - INFO - Started summarization pipeline for Question 51
2018-04-18 05:58:41,847 - bioAsqLogger - INFO - Generated question classification for the question
2018-04-18 05:58:41,847 - bioAsqLogger - INFO - Performing expansions...
2018-04-18 05:58:41,847 - bioAsqLogger - INFO - In getExpansions function of NoExpander
2018-04-18 05:58:41,847 - bioAsqLogger - INFO - In getExpansions function of NoExpander
2018-04-18 05:58:41,847 - bioAsqLogger - INFO - In getExpansions function of NoExpander
2018-04-18 05:58:41,847 - bioAsqLogger - INFO - In getExpansions function of NoExpander
2018-04-18 05:58:41,847 - bioAsqLogger - INFO - In getExpansions function of NoExpander
2018-04-18 05:58:41,848 - bioAsqLogger - INFO - In getExpansions function of NoExpander
2018-04-18 05:58:41,848 - bioAsqLogger - INFO - In getExpansions function of NoExpander
2018-04-18 05:58:41,848 - bioAsqLogger - INFO - In getExpansions function of NoExpander
2018-04-18 05:58:41,848 - bioAsqLogger - INFO - In getExpansions function of NoExpander
2018-04-18 05:58:41,848 - bioAsqLogger - INFO - In getExpansions function of NoExpander
2018-04-18 05:58:41,848 - bioAsqLogger - INFO - In getExpansions function of NoExpander
2018-04-18 05:58:41,848 - bioAsqLogger - INFO - In getExpansions function of NoExpander
2018-04-18 05:58:41,849 - bioAsqLogger - INFO - In getExpansions function of NoExpander
2018-04-18 05:58:41,849 - bioAsqLogger - INFO - In getExpansions function of NoExpander
2018-04-18 05:58:41,849 - bioAsqLogger - INFO - In getExpansions function of NoExpander
2018-04-18 05:58:41,849 - bioAsqLogger - INFO - In getExpansions function of NoExpander
2018-04-18 05:58:41,849 - bioAsqLogger - INFO - In getExpansions function of NoExpander
2018-04-18 05:58:41,849 - bioAsqLogger - INFO - In getExpansions function of NoExpander
2018-04-18 05:58:41,849 - bioAsqLogger - INFO - In getExpansions function of NoExpander
2018-04-18 05:58:41,849 - bioAsqLogger - INFO - In getExpansions function of NoExpander
2018-04-18 05:58:41,850 - bioAsqLogger - INFO - In getExpansions function of NoExpander
2018-04-18 05:58:41,850 - bioAsqLogger - INFO - In getExpansions function of NoExpander
2018-04-18 05:58:41,850 - bioAsqLogger - INFO - In getExpansions function of NoExpander
2018-04-18 05:58:41,850 - bioAsqLogger - INFO - In getExpansions function of NoExpander
2018-04-18 05:58:41,850 - bioAsqLogger - INFO - In getExpansions function of NoExpander
2018-04-18 05:58:41,850 - bioAsqLogger - INFO - In getExpansions function of NoExpander
2018-04-18 05:58:41,850 - bioAsqLogger - INFO - In getExpansions function of NoExpander
2018-04-18 05:58:41,851 - bioAsqLogger - INFO - In getExpansions function of NoExpander
2018-04-18 05:58:41,851 - bioAsqLogger - INFO - In getExpansions function of NoExpander
2018-04-18 05:58:41,851 - bioAsqLogger - INFO - In getExpansions function of NoExpander
2018-04-18 05:58:41,851 - bioAsqLogger - INFO - In getExpansions function of NoExpander
2018-04-18 05:58:41,851 - bioAsqLogger - INFO - In getExpansions function of NoExpander
2018-04-18 05:58:41,851 - bioAsqLogger - INFO - In getExpansions function of NoExpander
2018-04-18 05:58:41,851 - bioAsqLogger - INFO - In getExpansions function of NoExpander
2018-04-18 05:58:41,851 - bioAsqLogger - INFO - Updated the question with expander output...
